<?xml version="1.0" encoding="UTF-8"?>
<!-- Generated by org.testng.reporters.JUnitReportReporter -->
<testsuite hostname="Abhijith" failures="0" tests="3" name="testng.TestScript" time="9.606" errors="0" timestamp="2024-10-28T09:37:15 IST" skipped="0">
  <testcase classname="testng.TestScript" name="clickOnBooks" time="3.261">
    <system-out>
      <![CDATA[Books page is displayed]]>
    </system-out>
  </testcase> <!-- clickOnBooks -->
  <testcase classname="testng.TestScript" name="clickOnBooks" time="3.127">
    <system-out>
      <![CDATA[Books page is displayed]]>
    </system-out>
  </testcase> <!-- clickOnBooks -->
  <testcase classname="testng.TestScript" name="clickOnBooks" time="3.218">
    <system-out>
      <![CDATA[Books page is displayed]]>
    </system-out>
  </testcase> <!-- clickOnBooks -->
  <system-out>
    <![CDATA[Books page is displayed
Books page is displayed
Books page is displayed]]>
  </system-out>
</testsuite> <!-- testng.TestScript -->
