<?xml version="1.0" encoding="UTF-8"?>
<!-- Generated by org.testng.reporters.JUnitReportReporter -->
<testsuite hostname="Abhijith" failures="0" tests="1" name="cars.MiniCooper" time="3.584" errors="0" timestamp="2024-10-23T08:34:16 IST" skipped="0">
  <testcase classname="cars.MiniCooper" name="launch" time="3.584">
    <system-out>
      <![CDATA[MiniCooper launched successfully]]>
    </system-out>
  </testcase> <!-- launch -->
  <system-out>
    <![CDATA[Ferrari launched successfully
MiniCooper launched successfully]]>
  </system-out>
</testsuite> <!-- cars.MiniCooper -->
