<?xml version="1.0" encoding="UTF-8"?>
<!-- Generated by org.testng.reporters.JUnitReportReporter -->
<testsuite hostname="Abhijith" failures="0" tests="1" name="cars.Lamborghini" time="3.937" errors="0" timestamp="2024-10-23T08:57:56 IST" skipped="0">
  <testcase classname="cars.Lamborghini" name="launch" time="3.937">
    <system-out>
      <![CDATA[Lamborghini launched successfully]]>
    </system-out>
  </testcase> <!-- launch -->
  <system-out>
    <![CDATA[Lamborghini launched successfully]]>
  </system-out>
</testsuite> <!-- cars.Lamborghini -->
