<?xml version="1.0" encoding="UTF-8"?>
<!-- Generated by org.testng.reporters.JUnitReportReporter -->
<testsuite hostname="Abhijith" failures="0" tests="1" name="testng.ToLearnTestNG" time="0.013" errors="0" timestamp="2024-10-19T08:34:18 IST" skipped="0">
  <testcase classname="testng.ToLearnTestNG" name="demo" time="0.013">
    <system-out>
      <![CDATA[Welcome to advance selenium]]>
    </system-out>
  </testcase> <!-- demo -->
  <system-out>
    <![CDATA[Welcome to advance selenium]]>
  </system-out>
</testsuite> <!-- testng.ToLearnTestNG -->
