<?xml version="1.0" encoding="UTF-8"?>
<!-- Generated by org.testng.reporters.JUnitReportReporter -->
<testsuite hostname="Abhijith" failures="0" tests="3" name="crossBrowser.ToLearnCrossBrowserTesting" time="19.520" errors="0" timestamp="2024-10-28T09:25:35 IST" skipped="0">
  <testcase classname="crossBrowser.ToLearnCrossBrowserTesting" name="launch" time="8.534"/>
  <testcase classname="crossBrowser.ToLearnCrossBrowserTesting" name="launch" time="6.105"/>
  <testcase classname="crossBrowser.ToLearnCrossBrowserTesting" name="launch" time="4.881"/>
</testsuite> <!-- crossBrowser.ToLearnCrossBrowserTesting -->
