<?xml version="1.0" encoding="UTF-8"?>
<!-- Generated by org.testng.reporters.JUnitReportReporter -->
<testsuite hostname="Abhijith" failures="0" tests="1" name="cars.RangeRover" time="4.314" errors="0" timestamp="2024-10-23T08:44:57 IST" skipped="0">
  <testcase classname="cars.RangeRover" name="launch" time="4.314">
    <system-out>
      <![CDATA[RangeRover launched successfully]]>
    </system-out>
  </testcase> <!-- launch -->
  <system-out>
    <![CDATA[RangeRover launched successfully
Lamborghini launched successfully]]>
  </system-out>
</testsuite> <!-- cars.RangeRover -->
