<?xml version="1.0" encoding="UTF-8"?>
<!-- Generated by org.testng.reporters.JUnitReportReporter -->
<testsuite hostname="Abhijith" failures="0" tests="1" name="assertion.JavaConditionVerification" time="5.614" errors="0" timestamp="2024-10-25T08:59:50 IST" skipped="0">
  <testcase classname="assertion.JavaConditionVerification" name="login" time="5.614">
    <system-out>
      <![CDATA[Welcome page is not displayed
Login page is displayed
Home page is displayed]]>
    </system-out>
  </testcase> <!-- login -->
  <system-out>
    <![CDATA[Welcome page is not displayed
Login page is displayed
Home page is displayed]]>
  </system-out>
</testsuite> <!-- assertion.JavaConditionVerification -->
