<?xml version="1.0" encoding="UTF-8"?>
<!-- Generated by org.testng.reporters.JUnitReportReporter -->
<testsuite hostname="Abhijith" failures="0" tests="3" name="testng.DependsOnMethods" time="9.383" errors="0" timestamp="2024-10-19T09:57:40 IST" skipped="0">
  <testcase classname="testng.DependsOnMethods" name="addToCart" time="3.004">
    <system-out>
      <![CDATA[Product added to cart]]>
    </system-out>
  </testcase> <!-- addToCart -->
  <testcase classname="testng.DependsOnMethods" name="login" time="3.053">
    <system-out>
      <![CDATA[login is successfull]]>
    </system-out>
  </testcase> <!-- login -->
  <testcase classname="testng.DependsOnMethods" name="register" time="3.326">
    <system-out>
      <![CDATA[register is successfull]]>
    </system-out>
  </testcase> <!-- register -->
  <system-out>
    <![CDATA[register is successfull
login is successfull
Product added to cart]]>
  </system-out>
</testsuite> <!-- testng.DependsOnMethods -->
