<?xml version="1.0" encoding="UTF-8"?>
<!-- Generated by org.testng.reporters.JUnitReportReporter -->
<testsuite hostname="Abhijith" failures="0" tests="1" name="testng.ConfigurationAnnotations" time="0.007" errors="0" timestamp="2024-10-24T08:57:37 IST" skipped="0">
  <testcase classname="testng.ConfigurationAnnotations" name="demo" time="0.007">
    <system-out>
      <![CDATA[@Test(demo) executed]]>
    </system-out>
  </testcase> <!-- demo -->
  <system-out>
    <![CDATA[@BeforeSuite
@BeforeTest
@BeforeClass
@BeforeMethod
@Test(demo) executed
@AfterMethod
@AfterClass
@AfterTest
@AfterSuite]]>
  </system-out>
</testsuite> <!-- testng.ConfigurationAnnotations -->
